<?xml version="1.0" encoding="UTF-8"?>
<!-- Generated by org.testng.reporters.JUnitXMLReporter -->
<testsuite ignored="8" hostname="DESKTOP-E93E3NQ" failures="0" tests="5" name="Default test" time="63.531" errors="0" timestamp="2022-10-18T17:31:35 IST">
  <testcase classname="Test.LoginPageTest" name="LoginToPage1Test" time="1.48"/>
  <testcase classname="Test.LoginPageTest" name="verifyLoginlogoTest" time="0.146"/>
  <testcase classname="Test.LoginPageTest" name="verifyTitleTest" time="0.018"/>
  <testcase classname="Test.LoginPageTest" name="verifyloginbuttonButtonAgTest" time="0.125"/>
  <testcase classname="Test.LoginPageTest" name="verifyloginbuttonButtonTest" time="0.093"/>
  <testcase classname="Test.LoginPageTest" name="verifybotcolumnlogoTest" time="0.0">
    <ignored/>
  </testcase> <!-- verifybotcolumnlogoTest -->
  <testcase classname="Test.LoginPageTest" name="verifyPasswordTextBoxTest" time="0.0">
    <ignored/>
  </testcase> <!-- verifyPasswordTextBoxTest -->
  <testcase classname="Test.LoginPageTest" name="verifyPasswordTextBoxAgTest" time="0.0">
    <ignored/>
  </testcase> <!-- verifyPasswordTextBoxAgTest -->
  <testcase classname="Test.LoginPageTest" name="verifyUsernameTextBoxAgTest" time="0.0">
    <ignored/>
  </testcase> <!-- verifyUsernameTextBoxAgTest -->
  <testcase classname="Test.LoginPageTest" name="verifyloginpasswordTest" time="0.0">
    <ignored/>
  </testcase> <!-- verifyloginpasswordTest -->
  <testcase classname="Test.LoginPageTest" name="verifyURLTest" time="0.0">
    <ignored/>
  </testcase> <!-- verifyURLTest -->
  <testcase classname="Test.LoginPageTest" name="verifyUsernameTextBoxTest" time="0.0">
    <ignored/>
  </testcase> <!-- verifyUsernameTextBoxTest -->
  <testcase classname="Test.LoginPageTest" name="verifylogincredentialsTest" time="0.0">
    <ignored/>
  </testcase> <!-- verifylogincredentialsTest -->
</testsuite> <!-- Default test -->
